<?xml version="1.0" encoding="UTF-8"?>
<!-- Generated by org.testng.reporters.JUnitReportReporter -->
<testsuite hostname="DESKTOP-2VV0IHD" failures="0" tests="5" name="testCases.TC003_LoginDDT" time="137.834" errors="0" timestamp="2025-04-09T21:40:32 IST" skipped="0">
  <testcase classname="testCases.TC003_LoginDDT" name="verify_loginDDT" time="29.021"/>
  <testcase classname="testCases.TC003_LoginDDT" name="verify_loginDDT" time="28.851"/>
  <testcase classname="testCases.TC003_LoginDDT" name="verify_loginDDT" time="28.749"/>
  <testcase classname="testCases.TC003_LoginDDT" name="verify_loginDDT" time="22.328"/>
  <testcase classname="testCases.TC003_LoginDDT" name="verify_loginDDT" time="28.885"/>
</testsuite> <!-- testCases.TC003_LoginDDT -->
