<?xml version="1.0" encoding="UTF-8"?>
<!-- Generated by org.testng.reporters.JUnitReportReporter -->
<testsuite hostname="DESKTOP-2VV0IHD" failures="0" tests="1" name="testCases.TC002_LoginTest" time="16.039" errors="0" timestamp="2025-04-19T00:40:29 IST" skipped="0">
  <testcase classname="testCases.TC002_LoginTest" name="verify_login" time="16.039"/>
</testsuite> <!-- testCases.TC002_LoginTest -->
