<?xml version="1.0" encoding="UTF-8"?>
<!-- Generated by org.testng.reporters.JUnitReportReporter -->
<testsuite hostname="DESKTOP-2VV0IHD" failures="0" tests="1" name="testCases.TC002_LoginTest" time="16.050" errors="0" timestamp="2025-04-20T01:35:21 IST" skipped="0">
  <testcase classname="testCases.TC002_LoginTest" name="verify_login" time="16.050"/>
</testsuite> <!-- testCases.TC002_LoginTest -->
