<?xml version="1.0" encoding="UTF-8"?>
<!-- Generated by org.testng.reporters.JUnitReportReporter -->
<testsuite hostname="DESKTOP-2VV0IHD" failures="0" tests="1" name="testCases.TC001_AccountRegistrationTest" time="47.946" errors="0" timestamp="2025-04-20T01:35:21 IST" skipped="0">
  <testcase classname="testCases.TC001_AccountRegistrationTest" name="verify_account_registration" time="47.946"/>
</testsuite> <!-- testCases.TC001_AccountRegistrationTest -->
